GPU 개수: 4
> Setting: Namespace(FedDyn=1, alpha=0.1, batch_size=4, beta=0.1, client7=0, dataset='viggo', fraction=1.0, h_updated=0, h_updated_value=3.0, hidden=0, iid=1, lamb=1.0, last_h=0, local_epoch=5, lr=0.1, lr_decay=0.999, max_length=64, n_procs=1, nodes=4, norm='bn', pretrained=0, round=5, sequence_length=64, step=-1)
Gunhot VIGGO OKAY
Gunhot VIGGO OKAY
Gunhot VIGGO Initialized
Client 0 initialized
Client 1 initialized
Client 2 initialized
Client 3 initialized
Traceback (most recent call last):
  File "main.py", line 153, in <module>
    msg = resultQ.get()
  File "/home/gunhot/miniconda3/envs/newfeddyn/lib/python3.8/multiprocessing/queues.py", line 97, in get
    res = self._recv_bytes()
  File "/home/gunhot/miniconda3/envs/newfeddyn/lib/python3.8/multiprocessing/connection.py", line 216, in recv_bytes
    buf = self._recv_bytes(maxlength)
  File "/home/gunhot/miniconda3/envs/newfeddyn/lib/python3.8/multiprocessing/connection.py", line 414, in _recv_bytes
    buf = self._recv(4)
  File "/home/gunhot/miniconda3/envs/newfeddyn/lib/python3.8/multiprocessing/connection.py", line 379, in _recv
    chunk = read(handle, remaining)
KeyboardInterrupt
Process Process-1:
Traceback (most recent call last):
  File "/home/gunhot/miniconda3/envs/newfeddyn/lib/python3.8/multiprocessing/process.py", line 315, in _bootstrap
    self.run()
  File "/home/gunhot/miniconda3/envs/newfeddyn/lib/python3.8/multiprocessing/process.py", line 108, in run
    self._target(*self._args, **self._kwargs)
  File "/home/gunhot/original_scheduler/src/workers.py", line 93, in gpu_test_worker
    msg = testQ.get()
  File "/home/gunhot/miniconda3/envs/newfeddyn/lib/python3.8/multiprocessing/queues.py", line 97, in get
    res = self._recv_bytes()
  File "/home/gunhot/miniconda3/envs/newfeddyn/lib/python3.8/multiprocessing/connection.py", line 216, in recv_bytes
    buf = self._recv_bytes(maxlength)
  File "/home/gunhot/miniconda3/envs/newfeddyn/lib/python3.8/multiprocessing/connection.py", line 414, in _recv_bytes
    buf = self._recv(4)
  File "/home/gunhot/miniconda3/envs/newfeddyn/lib/python3.8/multiprocessing/connection.py", line 379, in _recv
    chunk = read(handle, remaining)
KeyboardInterrupt
HI
Gunhot dataset
[DEBUG] train_worker got msg: 
[DEBUG] train_worker got msg: {'type': 'train', 'node': <node.Client object at 0x7f6eb7d87580>, 'lr': 0.0999, 'model': GPT2Medium(
  (model): GPT2LMHeadModel(
    (transformer): GPT2Model(
      (wte): Embedding(50257, 1024)
      (wpe): Embedding(1024, 1024)
      (drop): Dropout(p=0.1, inplace=False)
      (h): ModuleList(
        (0-23): 24 x GPT2Block(
          (ln_1): LayerNorm((1024,), eps=1e-05, elementwise_affine=True)
          (attn): GPT2SdpaAttention(
            (c_attn): Conv1D(nf=3072, nx=1024)
            (c_proj): Conv1D(nf=1024, nx=1024)
            (attn_dropout): Dropout(p=0.1, inplace=False)
            (resid_dropout): Dropout(p=0.1, inplace=False)
          )
          (ln_2): LayerNorm((1024,), eps=1e-05, elementwise_affine=True)
          (mlp): GPT2MLP(
            (c_fc): Conv1D(nf=4096, nx=1024)
            (c_proj): Conv1D(nf=1024, nx=4096)
            (act): NewGELUActivation()
            (dropout): Dropout(p=0.1, inplace=False)
          )
        )
      )
      (ln_f): LayerNorm((1024,), eps=1e-05, elementwise_affine=True)
    )
    (lm_head): Linear(in_features=1024, out_features=50257, bias=False)
  )
), 'round': 1}
Gunhot train
Gunhot processing node
Gunhot VIGGO CLIENT LEARNING
Process Process-4:
Traceback (most recent call last):
  File "/home/gunhot/miniconda3/envs/newfeddyn/lib/python3.8/multiprocessing/process.py", line 315, in _bootstrap
    self.run()
  File "/home/gunhot/miniconda3/envs/newfeddyn/lib/python3.8/multiprocessing/process.py", line 108, in run
    self._target(*self._args, **self._kwargs)
  File "/home/gunhot/original_scheduler/src/workers.py", line 42, in gpu_train_worker
    model_weight = processing_node.train(device, msg['lr'], model, dataset, round)
  File "/home/gunhot/original_scheduler/src/node.py", line 57, in train
    for k, param in model.named_parameters():
  File "/home/gunhot/miniconda3/envs/newfeddyn/lib/python3.8/site-packages/torch/nn/modules/module.py", line 2288, in named_parameters
    yield from gen
  File "/home/gunhot/miniconda3/envs/newfeddyn/lib/python3.8/site-packages/torch/nn/modules/module.py", line 2223, in _named_members
    for module_prefix, module in modules:
  File "/home/gunhot/miniconda3/envs/newfeddyn/lib/python3.8/site-packages/torch/nn/modules/module.py", line 2435, in named_modules
    yield from module.named_modules(memo, submodule_prefix, remove_duplicate)
  File "/home/gunhot/miniconda3/envs/newfeddyn/lib/python3.8/site-packages/torch/nn/modules/module.py", line 2435, in named_modules
    yield from module.named_modules(memo, submodule_prefix, remove_duplicate)
  File "/home/gunhot/miniconda3/envs/newfeddyn/lib/python3.8/site-packages/torch/nn/modules/module.py", line 2435, in named_modules
    yield from module.named_modules(memo, submodule_prefix, remove_duplicate)
  [Previous line repeated 3 more times]
  File "/home/gunhot/miniconda3/envs/newfeddyn/lib/python3.8/site-packages/torch/nn/modules/module.py", line 2430, in named_modules
    yield prefix, self
KeyboardInterrupt
HI
Gunhot dataset
[DEBUG] train_worker got msg: 
[DEBUG] train_worker got msg: {'type': 'train', 'node': <node.Client object at 0x7fc0809ee5b0>, 'lr': 0.0999, 'model': GPT2Medium(
  (model): GPT2LMHeadModel(
    (transformer): GPT2Model(
      (wte): Embedding(50257, 1024)
      (wpe): Embedding(1024, 1024)
      (drop): Dropout(p=0.1, inplace=False)
      (h): ModuleList(
        (0-23): 24 x GPT2Block(
          (ln_1): LayerNorm((1024,), eps=1e-05, elementwise_affine=True)
          (attn): GPT2SdpaAttention(
            (c_attn): Conv1D(nf=3072, nx=1024)
            (c_proj): Conv1D(nf=1024, nx=1024)
            (attn_dropout): Dropout(p=0.1, inplace=False)
            (resid_dropout): Dropout(p=0.1, inplace=False)
          )
          (ln_2): LayerNorm((1024,), eps=1e-05, elementwise_affine=True)
          (mlp): GPT2MLP(
            (c_fc): Conv1D(nf=4096, nx=1024)
            (c_proj): Conv1D(nf=1024, nx=4096)
            (act): NewGELUActivation()
            (dropout): Dropout(p=0.1, inplace=False)
          )
        )
      )
      (ln_f): LayerNorm((1024,), eps=1e-05, elementwise_affine=True)
    )
    (lm_head): Linear(in_features=1024, out_features=50257, bias=False)
  )
), 'round': 1}
Gunhot train
Gunhot processing node
Gunhot VIGGO CLIENT LEARNING
Process Process-3:
Traceback (most recent call last):
  File "/home/gunhot/miniconda3/envs/newfeddyn/lib/python3.8/multiprocessing/process.py", line 315, in _bootstrap
    self.run()
  File "/home/gunhot/miniconda3/envs/newfeddyn/lib/python3.8/multiprocessing/process.py", line 108, in run
    self._target(*self._args, **self._kwargs)
  File "/home/gunhot/original_scheduler/src/workers.py", line 42, in gpu_train_worker
    model_weight = processing_node.train(device, msg['lr'], model, dataset, round)
  File "/home/gunhot/original_scheduler/src/node.py", line 64, in train
    loss.backward()
  File "/home/gunhot/miniconda3/envs/newfeddyn/lib/python3.8/site-packages/torch/_tensor.py", line 521, in backward
    torch.autograd.backward(
  File "/home/gunhot/miniconda3/envs/newfeddyn/lib/python3.8/site-packages/torch/autograd/__init__.py", line 289, in backward
    _engine_run_backward(
  File "/home/gunhot/miniconda3/envs/newfeddyn/lib/python3.8/site-packages/torch/autograd/graph.py", line 769, in _engine_run_backward
    return Variable._execution_engine.run_backward(  # Calls into the C++ engine to run the backward pass
KeyboardInterrupt
HI
Gunhot dataset
[DEBUG] train_worker got msg: 
[DEBUG] train_worker got msg: {'type': 'train', 'node': <node.Client object at 0x7fed24289d90>, 'lr': 0.0999, 'model': GPT2Medium(
  (model): GPT2LMHeadModel(
    (transformer): GPT2Model(
      (wte): Embedding(50257, 1024)
      (wpe): Embedding(1024, 1024)
      (drop): Dropout(p=0.1, inplace=False)
      (h): ModuleList(
        (0-23): 24 x GPT2Block(
          (ln_1): LayerNorm((1024,), eps=1e-05, elementwise_affine=True)
          (attn): GPT2SdpaAttention(
            (c_attn): Conv1D(nf=3072, nx=1024)
            (c_proj): Conv1D(nf=1024, nx=1024)
            (attn_dropout): Dropout(p=0.1, inplace=False)
            (resid_dropout): Dropout(p=0.1, inplace=False)
          )
          (ln_2): LayerNorm((1024,), eps=1e-05, elementwise_affine=True)
          (mlp): GPT2MLP(
            (c_fc): Conv1D(nf=4096, nx=1024)
            (c_proj): Conv1D(nf=1024, nx=4096)
            (act): NewGELUActivation()
            (dropout): Dropout(p=0.1, inplace=False)
          )
        )
      )
      (ln_f): LayerNorm((1024,), eps=1e-05, elementwise_affine=True)
    )
    (lm_head): Linear(in_features=1024, out_features=50257, bias=False)
  )
), 'round': 1}
Gunhot train
Gunhot processing node
Gunhot VIGGO CLIENT LEARNING
Process Process-5:
Traceback (most recent call last):
  File "/home/gunhot/miniconda3/envs/newfeddyn/lib/python3.8/multiprocessing/process.py", line 315, in _bootstrap
    self.run()
  File "/home/gunhot/miniconda3/envs/newfeddyn/lib/python3.8/multiprocessing/process.py", line 108, in run
    self._target(*self._args, **self._kwargs)
  File "/home/gunhot/original_scheduler/src/workers.py", line 42, in gpu_train_worker
    model_weight = processing_node.train(device, msg['lr'], model, dataset, round)
  File "/home/gunhot/original_scheduler/src/node.py", line 64, in train
    loss.backward()
  File "/home/gunhot/miniconda3/envs/newfeddyn/lib/python3.8/site-packages/torch/_tensor.py", line 521, in backward
    torch.autograd.backward(
  File "/home/gunhot/miniconda3/envs/newfeddyn/lib/python3.8/site-packages/torch/autograd/__init__.py", line 289, in backward
    _engine_run_backward(
  File "/home/gunhot/miniconda3/envs/newfeddyn/lib/python3.8/site-packages/torch/autograd/graph.py", line 769, in _engine_run_backward
    return Variable._execution_engine.run_backward(  # Calls into the C++ engine to run the backward pass
KeyboardInterrupt
HI
Gunhot dataset
[DEBUG] train_worker got msg: 
[DEBUG] train_worker got msg: {'type': 'train', 'node': <node.Client object at 0x7f8dcd60b9d0>, 'lr': 0.0999, 'model': GPT2Medium(
  (model): GPT2LMHeadModel(
    (transformer): GPT2Model(
      (wte): Embedding(50257, 1024)
      (wpe): Embedding(1024, 1024)
      (drop): Dropout(p=0.1, inplace=False)
      (h): ModuleList(
        (0-23): 24 x GPT2Block(
          (ln_1): LayerNorm((1024,), eps=1e-05, elementwise_affine=True)
          (attn): GPT2SdpaAttention(
            (c_attn): Conv1D(nf=3072, nx=1024)
            (c_proj): Conv1D(nf=1024, nx=1024)
            (attn_dropout): Dropout(p=0.1, inplace=False)
            (resid_dropout): Dropout(p=0.1, inplace=False)
          )
          (ln_2): LayerNorm((1024,), eps=1e-05, elementwise_affine=True)
          (mlp): GPT2MLP(
            (c_fc): Conv1D(nf=4096, nx=1024)
            (c_proj): Conv1D(nf=1024, nx=4096)
            (act): NewGELUActivation()
            (dropout): Dropout(p=0.1, inplace=False)
          )
        )
      )
      (ln_f): LayerNorm((1024,), eps=1e-05, elementwise_affine=True)
    )
    (lm_head): Linear(in_features=1024, out_features=50257, bias=False)
  )
), 'round': 1}
Gunhot train
Gunhot processing node
Gunhot VIGGO CLIENT LEARNING
Process Process-2:
Traceback (most recent call last):
  File "/home/gunhot/miniconda3/envs/newfeddyn/lib/python3.8/multiprocessing/process.py", line 315, in _bootstrap
    self.run()
  File "/home/gunhot/miniconda3/envs/newfeddyn/lib/python3.8/multiprocessing/process.py", line 108, in run
    self._target(*self._args, **self._kwargs)
  File "/home/gunhot/original_scheduler/src/workers.py", line 42, in gpu_train_worker
    model_weight = processing_node.train(device, msg['lr'], model, dataset, round)
  File "/home/gunhot/original_scheduler/src/node.py", line 47, in train
    input_ids = batch["input_ids"].to(device)
KeyboardInterrupt
Error in atexit._run_exitfuncs:
Traceback (most recent call last):
  File "/home/gunhot/miniconda3/envs/newfeddyn/lib/python3.8/multiprocessing/popen_fork.py", line 27, in poll
    pid, sts = os.waitpid(self.pid, flag)
KeyboardInterrupt
Command terminated by signal 2
	Command being timed: "python -u main.py --nodes 4 --fraction 1 --round 5 --dataset viggo --batch_size 4 --n_proc 1"
	User time (seconds): 82.38
	System time (seconds): 95.30
	Percent of CPU this job got: 81%
	Elapsed (wall clock) time (h:mm:ss or m:ss): 3:37.36
	Average shared text size (kbytes): 0
	Average unshared data size (kbytes): 0
	Average stack size (kbytes): 0
	Average total size (kbytes): 0
	Maximum resident set size (kbytes): 30907656
	Average resident set size (kbytes): 0
	Major (requiring I/O) page faults: 2794215
	Minor (reclaiming a frame) page faults: 8024561
	Voluntary context switches: 32146
	Involuntary context switches: 17816
	Swaps: 0
	File system inputs: 0
	File system outputs: 32
	Socket messages sent: 0
	Socket messages received: 0
	Signals delivered: 0
	Page size (bytes): 4096
	Exit status: 0
